<?xml version="1.0" encoding="UTF-8"?>
<TestRun id="cd3054f7-680d-4825-97a2-d9b121998000" name="Student@10266A-GEN-DEV 2022-06-15 02:10:03" runUser="10266A-GEN-DEV\Student" xmlns="http://microsoft.com/schemas/VisualStudio/TeamTest/2010">
  <TestSettings name="Local" id="1ef29e91-e135-4eb5-9002-25401c6e16cd">
    <Description>These are default test settings for a local test run.</Description>
    <Deployment enabled="false" runDeploymentRoot="Student_10266A-GEN-DEV 2022-06-15 02_10_03">
      <DeploymentItem filename="E:\Labfiles\Lab 5\Ex1\Starter\FileEditor\bin\Debug\FileEditor.exe" />
    </Deployment>
    <Execution>
      <TestTypeSpecific />
      <AgentRule name="Execution Agents">
      </AgentRule>
    </Execution>
  </TestSettings>
  <Times creation="2022-06-15T02:10:03.7045703-07:00" queuing="2022-06-15T02:10:03.7065234-07:00" start="2022-06-15T02:10:03.7201953-07:00" finish="2022-06-15T02:10:03.8158984-07:00" />
  <ResultSummary outcome="Completed">
    <Counters total="2" executed="2" passed="2" error="0" failed="0" timeout="0" aborted="0" inconclusive="0" passedButRunAborted="0" notRunnable="0" notExecuted="0" disconnected="0" warning="0" completed="0" inProgress="0" pending="0" />
  </ResultSummary>
  <TestDefinitions>
    <UnitTest name="ReadTextFileContentsTest1" storage="e:\labfiles\lab 5\ex1\starter\editor unit test project\bin\debug\module 5 unit test project.dll" id="7709e993-75d2-0164-dc05-155e9150d775">
      <Execution id="f73f9691-4cb1-4ffc-a165-c255e30e7700" />
      <TestMethod codeBase="E:/Labfiles/Lab 5/Ex1/Starter/Editor Unit Test Project/bin/Debug/Module 5 Unit Test Project.DLL" adapterTypeName="Microsoft.VisualStudio.TestTools.TestTypes.Unit.UnitTestAdapter, Microsoft.VisualStudio.QualityTools.Tips.UnitTest.Adapter, Version=10.0.0.0, Culture=neutral, PublicKeyToken=b03f5f7f11d50a3a" className="Lab5UnitTests.TextFileOperationsTest, Module 5 Unit Test Project, Version=1.0.0.0, Culture=neutral, PublicKeyToken=null" name="ReadTextFileContentsTest1" />
    </UnitTest>
    <UnitTest name="WriteTextFileContentsTest1" storage="e:\labfiles\lab 5\ex1\starter\editor unit test project\bin\debug\module 5 unit test project.dll" id="aeed1db2-fd47-7bf7-a72e-4f6538c0a550">
      <Execution id="b69838fb-7f2f-423f-8f01-fb2cedd4abae" />
      <TestMethod codeBase="E:/Labfiles/Lab 5/Ex1/Starter/Editor Unit Test Project/bin/Debug/Module 5 Unit Test Project.DLL" adapterTypeName="Microsoft.VisualStudio.TestTools.TestTypes.Unit.UnitTestAdapter, Microsoft.VisualStudio.QualityTools.Tips.UnitTest.Adapter, Version=10.0.0.0, Culture=neutral, PublicKeyToken=b03f5f7f11d50a3a" className="Lab5UnitTests.TextFileOperationsTest, Module 5 Unit Test Project, Version=1.0.0.0, Culture=neutral, PublicKeyToken=null" name="WriteTextFileContentsTest1" />
    </UnitTest>
  </TestDefinitions>
  <TestLists>
    <TestList name="Results Not in a List" id="8c84fa94-04c1-424b-9868-57a2d4851a1d" />
    <TestList name="All Loaded Results" id="19431567-8539-422a-85d7-44ee4e166bda" />
  </TestLists>
  <TestEntries>
    <TestEntry testId="7709e993-75d2-0164-dc05-155e9150d775" executionId="f73f9691-4cb1-4ffc-a165-c255e30e7700" testListId="8c84fa94-04c1-424b-9868-57a2d4851a1d" />
    <TestEntry testId="aeed1db2-fd47-7bf7-a72e-4f6538c0a550" executionId="b69838fb-7f2f-423f-8f01-fb2cedd4abae" testListId="8c84fa94-04c1-424b-9868-57a2d4851a1d" />
  </TestEntries>
  <Results>
    <UnitTestResult executionId="f73f9691-4cb1-4ffc-a165-c255e30e7700" testId="7709e993-75d2-0164-dc05-155e9150d775" testName="ReadTextFileContentsTest1" computerName="10266A-GEN-DEV" duration="00:00:00.0078334" startTime="2022-06-15T02:10:03.7211718-07:00" endTime="2022-06-15T02:10:03.8032031-07:00" testType="13cdc9d9-ddb5-4fa4-a97d-d965ccfc6d4b" outcome="Passed" testListId="8c84fa94-04c1-424b-9868-57a2d4851a1d" relativeResultsDirectory="f73f9691-4cb1-4ffc-a165-c255e30e7700">
    </UnitTestResult>
    <UnitTestResult executionId="b69838fb-7f2f-423f-8f01-fb2cedd4abae" testId="aeed1db2-fd47-7bf7-a72e-4f6538c0a550" testName="WriteTextFileContentsTest1" computerName="10266A-GEN-DEV" duration="00:00:00.0003508" startTime="2022-06-15T02:10:03.8051562-07:00" endTime="2022-06-15T02:10:03.8080859-07:00" testType="13cdc9d9-ddb5-4fa4-a97d-d965ccfc6d4b" outcome="Passed" testListId="8c84fa94-04c1-424b-9868-57a2d4851a1d" relativeResultsDirectory="b69838fb-7f2f-423f-8f01-fb2cedd4abae">
    </UnitTestResult>
  </Results>
</TestRun>